2019-02-08 22:05:55.014628: W tensorflow/core/platform/cpu_feature_guard.cc:45] The TensorFlow library wasn't compiled to use SSE4.1 instructions, but these are available on your machine and could speed up CPU computations.
2019-02-08 22:05:55.015534: W tensorflow/core/platform/cpu_feature_guard.cc:45] The TensorFlow library wasn't compiled to use SSE4.2 instructions, but these are available on your machine and could speed up CPU computations.
2019-02-08 22:05:55.015578: W tensorflow/core/platform/cpu_feature_guard.cc:45] The TensorFlow library wasn't compiled to use AVX instructions, but these are available on your machine and could speed up CPU computations.
2019-02-08 22:05:55.441111: I tensorflow/core/common_runtime/gpu/gpu_device.cc:955] Found device 0 with properties: 
name: Tesla K80
major: 3 minor: 7 memoryClockRate (GHz) 0.8235
pciBusID 0000:04:00.0
Total memory: 11.17GiB
Free memory: 8.98GiB
2019-02-08 22:05:55.641484: W tensorflow/stream_executor/cuda/cuda_driver.cc:523] A non-primary context 0x506aba0 exists before initializing the StreamExecutor. We haven't verified StreamExecutor works with that.
2019-02-08 22:05:55.642940: I tensorflow/core/common_runtime/gpu/gpu_device.cc:955] Found device 1 with properties: 
name: Tesla K80
major: 3 minor: 7 memoryClockRate (GHz) 0.8235
pciBusID 0000:05:00.0
Total memory: 11.17GiB
Free memory: 11.10GiB
2019-02-08 22:05:55.854733: W tensorflow/stream_executor/cuda/cuda_driver.cc:523] A non-primary context 0x506ef80 exists before initializing the StreamExecutor. We haven't verified StreamExecutor works with that.
2019-02-08 22:05:55.856201: I tensorflow/core/common_runtime/gpu/gpu_device.cc:955] Found device 2 with properties: 
name: Tesla K80
major: 3 minor: 7 memoryClockRate (GHz) 0.8235
pciBusID 0000:08:00.0
Total memory: 11.17GiB
Free memory: 11.10GiB
2019-02-08 22:05:56.079566: W tensorflow/stream_executor/cuda/cuda_driver.cc:523] A non-primary context 0x5073360 exists before initializing the StreamExecutor. We haven't verified StreamExecutor works with that.
2019-02-08 22:05:56.081066: I tensorflow/core/common_runtime/gpu/gpu_device.cc:955] Found device 3 with properties: 
name: Tesla K80
major: 3 minor: 7 memoryClockRate (GHz) 0.8235
pciBusID 0000:09:00.0
Total memory: 11.17GiB
Free memory: 11.10GiB
2019-02-08 22:05:56.316464: W tensorflow/stream_executor/cuda/cuda_driver.cc:523] A non-primary context 0x5077740 exists before initializing the StreamExecutor. We haven't verified StreamExecutor works with that.
2019-02-08 22:05:56.318500: I tensorflow/core/common_runtime/gpu/gpu_device.cc:955] Found device 4 with properties: 
name: Tesla K80
major: 3 minor: 7 memoryClockRate (GHz) 0.8235
pciBusID 0000:85:00.0
Total memory: 11.17GiB
Free memory: 11.10GiB
2019-02-08 22:05:56.564892: W tensorflow/stream_executor/cuda/cuda_driver.cc:523] A non-primary context 0x507bb20 exists before initializing the StreamExecutor. We haven't verified StreamExecutor works with that.
2019-02-08 22:05:56.566369: I tensorflow/core/common_runtime/gpu/gpu_device.cc:955] Found device 5 with properties: 
name: Tesla K80
major: 3 minor: 7 memoryClockRate (GHz) 0.8235
pciBusID 0000:86:00.0
Total memory: 11.17GiB
Free memory: 11.10GiB
2019-02-08 22:05:56.836628: W tensorflow/stream_executor/cuda/cuda_driver.cc:523] A non-primary context 0x507ff00 exists before initializing the StreamExecutor. We haven't verified StreamExecutor works with that.
2019-02-08 22:05:56.837833: I tensorflow/core/common_runtime/gpu/gpu_device.cc:955] Found device 6 with properties: 
name: Tesla K20m
major: 3 minor: 5 memoryClockRate (GHz) 0.7055
pciBusID 0000:87:00.0
Total memory: 4.63GiB
Free memory: 4.56GiB
2019-02-08 22:05:56.839092: I tensorflow/core/common_runtime/gpu/gpu_device.cc:847] Peer access not supported between device ordinals 0 and 4
2019-02-08 22:05:56.839164: I tensorflow/core/common_runtime/gpu/gpu_device.cc:847] Peer access not supported between device ordinals 0 and 5
2019-02-08 22:05:56.839215: I tensorflow/core/common_runtime/gpu/gpu_device.cc:847] Peer access not supported between device ordinals 0 and 6
2019-02-08 22:05:56.840004: I tensorflow/core/common_runtime/gpu/gpu_device.cc:847] Peer access not supported between device ordinals 1 and 4
2019-02-08 22:05:56.840069: I tensorflow/core/common_runtime/gpu/gpu_device.cc:847] Peer access not supported between device ordinals 1 and 5
2019-02-08 22:05:56.840118: I tensorflow/core/common_runtime/gpu/gpu_device.cc:847] Peer access not supported between device ordinals 1 and 6
2019-02-08 22:05:56.840549: I tensorflow/core/common_runtime/gpu/gpu_device.cc:847] Peer access not supported between device ordinals 2 and 4
2019-02-08 22:05:56.840603: I tensorflow/core/common_runtime/gpu/gpu_device.cc:847] Peer access not supported between device ordinals 2 and 5
2019-02-08 22:05:56.840651: I tensorflow/core/common_runtime/gpu/gpu_device.cc:847] Peer access not supported between device ordinals 2 and 6
2019-02-08 22:05:56.840777: I tensorflow/core/common_runtime/gpu/gpu_device.cc:847] Peer access not supported between device ordinals 3 and 4
2019-02-08 22:05:56.840826: I tensorflow/core/common_runtime/gpu/gpu_device.cc:847] Peer access not supported between device ordinals 3 and 5
2019-02-08 22:05:56.840874: I tensorflow/core/common_runtime/gpu/gpu_device.cc:847] Peer access not supported between device ordinals 3 and 6
2019-02-08 22:05:56.840921: I tensorflow/core/common_runtime/gpu/gpu_device.cc:847] Peer access not supported between device ordinals 4 and 0
2019-02-08 22:05:56.840969: I tensorflow/core/common_runtime/gpu/gpu_device.cc:847] Peer access not supported between device ordinals 4 and 1
2019-02-08 22:05:56.841024: I tensorflow/core/common_runtime/gpu/gpu_device.cc:847] Peer access not supported between device ordinals 4 and 2
2019-02-08 22:05:56.841070: I tensorflow/core/common_runtime/gpu/gpu_device.cc:847] Peer access not supported between device ordinals 4 and 3
2019-02-08 22:05:56.841816: I tensorflow/core/common_runtime/gpu/gpu_device.cc:847] Peer access not supported between device ordinals 5 and 0
2019-02-08 22:05:56.841887: I tensorflow/core/common_runtime/gpu/gpu_device.cc:847] Peer access not supported between device ordinals 5 and 1
2019-02-08 22:05:56.841935: I tensorflow/core/common_runtime/gpu/gpu_device.cc:847] Peer access not supported between device ordinals 5 and 2
2019-02-08 22:05:56.841988: I tensorflow/core/common_runtime/gpu/gpu_device.cc:847] Peer access not supported between device ordinals 5 and 3
2019-02-08 22:05:56.842401: I tensorflow/core/common_runtime/gpu/gpu_device.cc:847] Peer access not supported between device ordinals 6 and 0
2019-02-08 22:05:56.842453: I tensorflow/core/common_runtime/gpu/gpu_device.cc:847] Peer access not supported between device ordinals 6 and 1
2019-02-08 22:05:56.842501: I tensorflow/core/common_runtime/gpu/gpu_device.cc:847] Peer access not supported between device ordinals 6 and 2
2019-02-08 22:05:56.842548: I tensorflow/core/common_runtime/gpu/gpu_device.cc:847] Peer access not supported between device ordinals 6 and 3
2019-02-08 22:05:56.842950: I tensorflow/core/common_runtime/gpu/gpu_device.cc:976] DMA: 0 1 2 3 4 5 6 
2019-02-08 22:05:56.842993: I tensorflow/core/common_runtime/gpu/gpu_device.cc:986] 0:   Y Y Y Y N N N 
2019-02-08 22:05:56.843021: I tensorflow/core/common_runtime/gpu/gpu_device.cc:986] 1:   Y Y Y Y N N N 
2019-02-08 22:05:56.843047: I tensorflow/core/common_runtime/gpu/gpu_device.cc:986] 2:   Y Y Y Y N N N 
2019-02-08 22:05:56.843072: I tensorflow/core/common_runtime/gpu/gpu_device.cc:986] 3:   Y Y Y Y N N N 
2019-02-08 22:05:56.843097: I tensorflow/core/common_runtime/gpu/gpu_device.cc:986] 4:   N N N N Y Y Y 
2019-02-08 22:05:56.843122: I tensorflow/core/common_runtime/gpu/gpu_device.cc:986] 5:   N N N N Y Y Y 
2019-02-08 22:05:56.843148: I tensorflow/core/common_runtime/gpu/gpu_device.cc:986] 6:   N N N N Y Y Y 
2019-02-08 22:05:56.843191: I tensorflow/core/common_runtime/gpu/gpu_device.cc:1045] Creating TensorFlow device (/gpu:0) -> (device: 0, name: Tesla K80, pci bus id: 0000:04:00.0)
2019-02-08 22:05:56.843225: I tensorflow/core/common_runtime/gpu/gpu_device.cc:1045] Creating TensorFlow device (/gpu:1) -> (device: 1, name: Tesla K80, pci bus id: 0000:05:00.0)
2019-02-08 22:05:56.843289: I tensorflow/core/common_runtime/gpu/gpu_device.cc:1045] Creating TensorFlow device (/gpu:2) -> (device: 2, name: Tesla K80, pci bus id: 0000:08:00.0)
2019-02-08 22:05:56.843320: I tensorflow/core/common_runtime/gpu/gpu_device.cc:1045] Creating TensorFlow device (/gpu:3) -> (device: 3, name: Tesla K80, pci bus id: 0000:09:00.0)
2019-02-08 22:05:56.843348: I tensorflow/core/common_runtime/gpu/gpu_device.cc:1045] Creating TensorFlow device (/gpu:4) -> (device: 4, name: Tesla K80, pci bus id: 0000:85:00.0)
2019-02-08 22:05:56.843375: I tensorflow/core/common_runtime/gpu/gpu_device.cc:1045] Creating TensorFlow device (/gpu:5) -> (device: 5, name: Tesla K80, pci bus id: 0000:86:00.0)
2019-02-08 22:05:56.843401: I tensorflow/core/common_runtime/gpu/gpu_device.cc:1045] Creating TensorFlow device (/gpu:6) -> (device: 6, name: Tesla K20m, pci bus id: 0000:87:00.0)
2019-02-08 22:06:14.950885: W tensorflow/core/framework/op_kernel.cc:1192] Invalid argument: Input to reshape is a tensor with 3136 values, but the requested shape has 1024
	 [[Node: Reshape = Reshape[T=DT_FLOAT, Tshape=DT_INT32](Cast, stack)]]
ID6_data_numtrainex_512
(28, 28, 96)
(28, 28, 256)
(14, 14, 256)
384
192
STARTING EPOCH =  0
TRAIN COMPLETE
ACCURACY SHAPE: ()
Traceback (most recent call last):
  File "/usr/local/lib/python3.5/dist-packages/tensorflow/python/client/session.py", line 1327, in _do_call
    return fn(*args)
  File "/usr/local/lib/python3.5/dist-packages/tensorflow/python/client/session.py", line 1306, in _run_fn
    status, run_metadata)
  File "/usr/lib/python3.5/contextlib.py", line 66, in __exit__
    next(self.gen)
  File "/usr/local/lib/python3.5/dist-packages/tensorflow/python/framework/errors_impl.py", line 466, in raise_exception_on_not_ok_status
    pywrap_tensorflow.TF_GetCode(status))
tensorflow.python.framework.errors_impl.InvalidArgumentError: Input to reshape is a tensor with 3136 values, but the requested shape has 1024
	 [[Node: Reshape = Reshape[T=DT_FLOAT, Tshape=DT_INT32](Cast, stack)]]
	 [[Node: IteratorGetNext = IteratorGetNext[output_shapes=[[?,?,?,1], [?]], output_types=[DT_FLOAT, DT_INT64], _device="/job:localhost/replica:0/task:0/cpu:0"](IteratorFromStringHandle)]]
	 [[Node: IteratorGetNext/_11 = _Recv[client_terminated=false, recv_device="/job:localhost/replica:0/task:0/gpu:0", send_device="/job:localhost/replica:0/task:0/cpu:0", send_device_incarnation=1, tensor_name="edge_116_IteratorGetNext", tensor_type=DT_INT64, _device="/job:localhost/replica:0/task:0/gpu:0"]()]]

During handling of the above exception, another exception occurred:

Traceback (most recent call last):
  File "/om/user/sanjanas/eccentricity-crop/main.py", line 259, in <module>
    dropout_rate: opt.hyper.drop_test})
  File "/usr/local/lib/python3.5/dist-packages/tensorflow/python/client/session.py", line 895, in run
    run_metadata_ptr)
  File "/usr/local/lib/python3.5/dist-packages/tensorflow/python/client/session.py", line 1124, in _run
    feed_dict_tensor, options, run_metadata)
  File "/usr/local/lib/python3.5/dist-packages/tensorflow/python/client/session.py", line 1321, in _do_run
    options, run_metadata)
  File "/usr/local/lib/python3.5/dist-packages/tensorflow/python/client/session.py", line 1340, in _do_call
    raise type(e)(node_def, op, message)
tensorflow.python.framework.errors_impl.InvalidArgumentError: Input to reshape is a tensor with 3136 values, but the requested shape has 1024
	 [[Node: Reshape = Reshape[T=DT_FLOAT, Tshape=DT_INT32](Cast, stack)]]
	 [[Node: IteratorGetNext = IteratorGetNext[output_shapes=[[?,?,?,1], [?]], output_types=[DT_FLOAT, DT_INT64], _device="/job:localhost/replica:0/task:0/cpu:0"](IteratorFromStringHandle)]]
	 [[Node: IteratorGetNext/_11 = _Recv[client_terminated=false, recv_device="/job:localhost/replica:0/task:0/gpu:0", send_device="/job:localhost/replica:0/task:0/cpu:0", send_device_incarnation=1, tensor_name="edge_116_IteratorGetNext", tensor_type=DT_INT64, _device="/job:localhost/replica:0/task:0/gpu:0"]()]]
